SF:lib\utils\exception.dart
DA:6,4
LF:1
LH:1
end_of_record
SF:lib\data\datasources\movie\movie_local_data_source.dart
DA:15,1
DA:18,1
DA:20,3
DA:23,2
DA:28,1
DA:30,3
DA:33,2
DA:38,1
DA:39,3
DA:41,1
DA:48,1
DA:49,3
DA:50,4
LF:13
LH:13
end_of_record
SF:lib\data\models\movie\movie_table.dart
DA:12,4
DA:19,2
DA:20,1
DA:21,1
DA:22,1
DA:23,1
DA:26,2
DA:27,1
DA:28,1
DA:29,1
DA:30,1
DA:33,0
DA:34,0
DA:35,0
DA:36,0
DA:37,0
DA:40,0
DA:41,0
DA:42,0
DA:43,0
DA:44,0
DA:47,2
DA:48,1
DA:49,1
DA:50,1
DA:51,1
DA:54,2
DA:55,10
LF:28
LH:18
end_of_record
SF:lib\domain\entities\genre.dart
DA:4,6
DA:12,2
DA:13,6
LF:3
LH:3
end_of_record
SF:lib\utils\failure.dart
DA:6,6
DA:8,2
DA:9,4
DA:13,4
DA:17,4
DA:21,6
DA:25,0
LF:7
LH:6
end_of_record
SF:lib\data\datasources\db\movie\database_helper_movie.dart
DA:7,0
DA:11,0
DA:15,0
DA:16,0
DA:22,0
DA:23,0
DA:24,0
DA:26,0
DA:30,0
DA:31,0
DA:38,0
DA:41,0
DA:42,0
DA:43,0
DA:46,0
DA:47,0
DA:48,0
DA:51,0
DA:55,0
DA:56,0
DA:57,0
DA:60,0
DA:63,0
DA:64,0
DA:70,0
DA:71,0
DA:72,0
LF:27
LH:0
end_of_record
SF:lib\data\datasources\movie\movie_remote_data_source.dart
DA:23,1
DA:26,1
DA:28,5
DA:30,2
DA:31,4
DA:33,1
DA:38,1
DA:40,5
DA:42,2
DA:43,3
DA:45,1
DA:50,1
DA:52,5
DA:54,2
DA:55,4
DA:57,1
DA:62,1
DA:64,5
DA:66,2
DA:67,4
DA:69,1
DA:74,1
DA:76,5
DA:78,2
DA:79,4
DA:81,1
DA:86,1
DA:88,5
DA:90,2
DA:91,4
DA:93,1
LF:31
LH:31
end_of_record
SF:lib\data\models\movie\movie_detail_model.dart
DA:6,2
DA:52,1
DA:53,1
DA:54,1
DA:55,1
DA:56,1
DA:57,1
DA:58,4
DA:59,1
DA:60,1
DA:61,1
DA:62,1
DA:63,1
DA:64,1
DA:65,2
DA:66,1
DA:67,1
DA:68,1
DA:69,1
DA:70,1
DA:71,1
DA:72,1
DA:73,1
DA:74,2
DA:75,1
DA:78,0
DA:79,0
DA:80,0
DA:81,0
DA:82,0
DA:83,0
DA:84,0
DA:85,0
DA:86,0
DA:87,0
DA:88,0
DA:89,0
DA:90,0
DA:91,0
DA:92,0
DA:93,0
DA:94,0
DA:95,0
DA:96,0
DA:97,0
DA:98,0
DA:99,0
DA:102,1
DA:103,1
DA:104,1
DA:105,1
DA:106,5
DA:107,1
DA:108,1
DA:109,1
DA:110,1
DA:111,1
DA:112,1
DA:113,1
DA:114,1
DA:115,1
DA:119,1
DA:120,1
DA:121,1
DA:122,1
DA:123,1
DA:124,1
DA:125,1
DA:126,1
DA:127,1
DA:128,1
DA:129,1
DA:130,1
DA:131,1
DA:132,1
DA:133,1
DA:134,1
DA:135,1
DA:136,1
DA:137,1
DA:138,1
DA:139,1
DA:140,1
DA:141,1
LF:84
LH:62
end_of_record
SF:lib\data\models\movie\movie_model.dart
DA:5,5
DA:35,4
DA:36,2
DA:37,2
DA:38,8
DA:39,2
DA:40,2
DA:41,2
DA:42,4
DA:43,2
DA:44,2
DA:45,2
DA:46,2
DA:47,4
DA:48,2
DA:51,2
DA:52,1
DA:53,1
DA:54,4
DA:55,1
DA:56,1
DA:57,1
DA:58,1
DA:59,1
DA:60,1
DA:61,1
DA:62,1
DA:63,1
DA:64,1
DA:67,2
DA:68,2
DA:69,2
DA:70,2
DA:71,2
DA:72,2
DA:73,2
DA:74,2
DA:75,2
DA:76,2
DA:77,2
DA:78,2
DA:79,2
DA:80,2
DA:81,2
DA:85,2
DA:86,2
DA:87,2
DA:88,2
DA:89,2
DA:90,2
DA:91,2
DA:92,2
DA:93,2
DA:94,2
DA:95,2
DA:96,2
DA:97,2
DA:98,2
DA:99,2
LF:59
LH:59
end_of_record
SF:lib\data\models\movie\movie_response.dart
DA:7,3
DA:9,4
DA:10,4
DA:11,6
DA:12,6
DA:15,2
DA:16,5
DA:19,1
DA:20,2
LF:9
LH:9
end_of_record
SF:lib\data\models\genre_model.dart
DA:5,4
DA:13,4
DA:14,2
DA:15,2
DA:18,0
DA:19,0
DA:20,0
DA:23,2
DA:24,6
DA:27,2
DA:28,6
LF:11
LH:8
end_of_record
SF:lib\data\datasources\tv_series\tv_series_local_data_source.dart
DA:15,1
DA:18,1
DA:20,3
DA:23,2
DA:28,1
DA:30,3
DA:33,2
DA:38,1
DA:39,3
DA:41,1
DA:48,1
DA:49,3
DA:50,4
LF:13
LH:13
end_of_record
SF:lib\data\models\tv_series\tv_series_table.dart
DA:12,4
DA:19,2
DA:20,1
DA:21,1
DA:22,1
DA:23,1
DA:26,2
DA:27,1
DA:28,1
DA:29,1
DA:30,1
DA:33,0
DA:34,0
DA:35,0
DA:36,0
DA:37,0
DA:40,0
DA:41,0
DA:42,0
DA:43,0
DA:44,0
DA:47,2
DA:48,1
DA:49,1
DA:50,1
DA:51,1
DA:54,2
DA:55,10
LF:28
LH:18
end_of_record
SF:lib\data\datasources\db\tv_series\database_helper_tv_series.dart
DA:7,0
DA:11,0
DA:15,0
DA:16,0
DA:22,0
DA:23,0
DA:24,0
DA:26,0
DA:30,0
DA:31,0
DA:38,0
DA:41,0
DA:42,0
DA:43,0
DA:46,0
DA:47,0
DA:48,0
DA:51,0
DA:55,0
DA:56,0
DA:57,0
DA:60,0
DA:63,0
DA:64,0
DA:70,0
DA:71,0
DA:72,0
LF:27
LH:0
end_of_record
SF:lib\data\datasources\tv_series\tv_series_remote_data_source.dart
DA:23,1
DA:26,1
DA:28,5
DA:30,2
DA:31,4
DA:33,1
DA:38,1
DA:40,5
DA:42,2
DA:43,3
DA:45,1
DA:50,1
DA:52,5
DA:54,2
DA:55,4
DA:57,1
DA:62,1
DA:64,5
DA:66,2
DA:67,4
DA:69,1
DA:74,1
DA:76,5
DA:78,2
DA:79,4
DA:81,1
DA:86,1
DA:88,5
DA:90,2
DA:91,4
DA:93,1
LF:31
LH:31
end_of_record
SF:lib\data\models\tv_series\tv_series_detail_model.dart
DA:6,2
DA:28,1
DA:29,1
DA:30,1
DA:31,1
DA:32,4
DA:33,1
DA:34,1
DA:35,1
DA:36,2
DA:37,1
DA:38,2
DA:39,1
DA:42,0
DA:43,0
DA:44,0
DA:45,0
DA:46,0
DA:47,0
DA:48,0
DA:49,0
DA:50,0
DA:51,0
DA:54,1
DA:55,1
DA:56,1
DA:57,5
DA:58,1
DA:59,1
DA:60,1
DA:61,1
DA:62,1
DA:63,1
DA:64,1
DA:68,1
DA:69,1
DA:70,1
DA:71,1
DA:72,1
DA:73,1
DA:74,1
DA:75,1
DA:76,1
DA:77,1
DA:78,1
LF:45
LH:35
end_of_record
SF:lib\data\models\tv_series\tv_series_model.dart
DA:5,5
DA:27,4
DA:28,2
DA:29,8
DA:30,2
DA:31,2
DA:32,2
DA:33,4
DA:34,2
DA:35,4
DA:36,2
DA:39,2
DA:40,1
DA:41,4
DA:42,1
DA:43,1
DA:44,1
DA:45,1
DA:46,1
DA:47,1
DA:48,1
DA:51,2
DA:52,2
DA:53,2
DA:54,2
DA:55,2
DA:56,2
DA:57,2
DA:58,2
DA:59,2
DA:60,2
DA:61,2
DA:65,2
DA:66,2
DA:67,2
DA:68,2
DA:69,2
DA:70,2
DA:71,2
DA:72,2
DA:73,2
DA:74,2
DA:75,2
LF:43
LH:43
end_of_record
SF:lib\data\models\tv_series\tv_series_response.dart
DA:7,3
DA:9,4
DA:10,4
DA:11,6
DA:12,6
DA:15,2
DA:16,5
DA:19,1
DA:20,2
LF:9
LH:9
end_of_record
SF:lib\data\repositories\movie\movie_repository_impl.dart
DA:16,1
DA:22,1
DA:24,3
DA:25,5
DA:26,1
DA:28,1
DA:30,0
DA:31,0
DA:33,0
DA:38,1
DA:40,3
DA:41,2
DA:42,1
DA:44,1
DA:46,0
DA:47,0
DA:49,0
DA:54,1
DA:56,3
DA:57,3
DA:58,1
DA:60,1
DA:62,0
DA:63,0
DA:65,0
DA:70,1
DA:72,3
DA:73,5
DA:74,1
DA:76,1
DA:78,0
DA:79,0
DA:81,0
DA:86,1
DA:88,3
DA:89,5
DA:90,1
DA:92,1
DA:94,0
DA:95,0
DA:97,0
DA:102,1
DA:104,3
DA:105,5
DA:106,1
DA:108,1
DA:110,0
DA:111,0
DA:113,0
DA:118,1
DA:121,4
DA:122,1
DA:123,1
DA:124,3
DA:131,1
DA:134,4
DA:135,1
DA:136,1
DA:137,3
DA:142,1
DA:143,3
DA:148,1
DA:149,3
DA:150,5
LF:64
LH:46
end_of_record
SF:lib\data\repositories\tv_series\tv_series_repository_impl.dart
DA:16,1
DA:22,1
DA:24,3
DA:25,5
DA:26,1
DA:28,1
DA:30,0
DA:31,0
DA:33,0
DA:38,1
DA:40,3
DA:41,2
DA:42,1
DA:44,1
DA:46,0
DA:47,0
DA:49,0
DA:54,1
DA:56,3
DA:57,3
DA:58,1
DA:60,1
DA:62,0
DA:63,0
DA:65,0
DA:70,1
DA:72,3
DA:73,5
DA:74,1
DA:76,1
DA:78,0
DA:79,0
DA:81,0
DA:86,1
DA:88,3
DA:89,5
DA:90,1
DA:92,1
DA:94,0
DA:95,0
DA:97,0
DA:102,1
DA:104,3
DA:105,5
DA:106,1
DA:108,1
DA:110,0
DA:111,0
DA:113,0
DA:118,1
DA:121,4
DA:122,1
DA:123,1
DA:124,3
DA:131,1
DA:134,4
DA:135,1
DA:136,1
DA:137,3
DA:142,1
DA:143,3
DA:148,1
DA:149,3
DA:150,5
LF:64
LH:46
end_of_record
