SF:lib\domain\usecases\movie\search_movies.dart
DA:9,1
DA:11,1
DA:12,2
LF:3
LH:3
end_of_record
SF:lib\domain\usecases\tv_series\search_tv_series.dart
DA:9,1
DA:11,1
DA:12,2
LF:3
LH:3
end_of_record
SF:lib\presentation\bloc\movie\search_movie_event.dart
DA:4,1
DA:6,0
DA:7,0
DA:13,1
DA:15,0
DA:16,0
LF:6
LH:2
end_of_record
SF:lib\presentation\bloc\movie\search_movie_state.dart
DA:4,2
DA:6,1
DA:7,1
DA:17,2
DA:19,1
DA:20,2
DA:26,1
DA:28,1
DA:29,2
LF:9
LH:9
end_of_record
SF:lib\presentation\bloc\movie\search_movie_bloc.dart
DA:12,1
DA:13,3
DA:16,3
DA:17,2
DA:18,1
DA:20,2
DA:21,3
DA:23,1
DA:24,1
DA:25,3
DA:27,1
DA:28,2
DA:31,1
LF:13
LH:13
end_of_record
SF:lib\presentation\bloc\tv_series\search_tv_series_event.dart
DA:4,1
DA:6,0
DA:7,0
DA:13,1
DA:15,0
DA:16,0
LF:6
LH:2
end_of_record
SF:lib\presentation\bloc\tv_series\search_tv_series_state.dart
DA:4,2
DA:6,1
DA:7,1
DA:17,2
DA:19,1
DA:20,2
DA:26,1
DA:28,1
DA:29,2
LF:9
LH:9
end_of_record
SF:lib\presentation\bloc\tv_series\search_tv_series_bloc.dart
DA:12,1
DA:13,3
DA:16,3
DA:17,2
DA:18,1
DA:20,2
DA:21,3
DA:23,1
DA:24,1
DA:25,3
DA:27,1
DA:28,2
DA:31,1
LF:13
LH:13
end_of_record
