SF:lib\domain\entities\tv_series.dart
DA:6,7
DA:18,0
DA:35,4
DA:36,4
DA:37,4
DA:38,4
DA:39,4
DA:40,4
DA:41,4
DA:42,4
DA:43,4
DA:44,4
DA:45,4
LF:13
LH:12
end_of_record
SF:lib\domain\usecases\get_now_playing_tv_series.dart
DA:9,1
DA:11,1
DA:12,2
LF:3
LH:3
end_of_record
SF:lib\domain\entities\tv_series_detail.dart
DA:5,5
DA:27,1
DA:28,1
DA:29,1
DA:30,1
DA:31,1
DA:32,1
DA:33,1
DA:34,1
DA:35,1
DA:36,1
DA:37,1
LF:12
LH:12
end_of_record
SF:lib\domain\usecases\get_popular_tv_series.dart
DA:9,1
DA:11,1
DA:12,2
LF:3
LH:3
end_of_record
SF:lib\domain\usecases\get_top_rated_tv_series.dart
DA:9,1
DA:11,1
DA:12,2
LF:3
LH:3
end_of_record
SF:lib\domain\usecases\get_tv_series_detail.dart
DA:9,1
DA:11,1
DA:12,2
LF:3
LH:3
end_of_record
SF:lib\domain\usecases\get_tv_series_recommendations.dart
DA:9,1
DA:11,1
DA:12,2
LF:3
LH:3
end_of_record
SF:lib\presentation\bloc\detail_tv_series_bloc.dart
DA:21,1
DA:23,2
DA:24,1
DA:25,1
DA:26,3
DA:27,4
DA:28,4
DA:30,1
DA:31,1
DA:32,3
DA:34,1
DA:37,1
DA:38,3
DA:44,2
DA:45,3
DA:47,1
DA:49,1
DA:50,3
DA:62,1
DA:63,1
DA:64,4
DA:65,1
DA:66,1
DA:67,4
DA:69,1
DA:70,3
DA:75,4
DA:78,1
DA:79,1
DA:80,4
DA:81,1
DA:82,1
DA:83,4
DA:85,0
DA:86,0
DA:91,4
DA:94,1
DA:95,1
DA:96,4
DA:97,3
LF:40
LH:38
end_of_record
SF:lib\presentation\bloc\detail_tv_series_event.dart
DA:5,3
DA:7,0
DA:8,0
DA:14,2
DA:16,0
DA:17,0
DA:23,2
DA:25,0
DA:26,0
DA:32,1
DA:34,0
DA:35,0
DA:41,3
DA:43,0
DA:44,0
LF:15
LH:5
end_of_record
SF:lib\presentation\bloc\detail_tv_series_state.dart
DA:15,6
DA:25,2
DA:34,2
DA:36,2
DA:38,2
DA:40,1
DA:42,2
DA:43,2
DA:44,2
DA:45,2
DA:49,2
DA:61,1
DA:62,1
DA:63,1
DA:64,1
DA:65,1
DA:66,1
DA:67,1
DA:68,1
DA:69,1
LF:20
LH:20
end_of_record
SF:lib\presentation\bloc\tv_series_event.dart
DA:4,5
DA:6,0
DA:7,0
DA:11,0
DA:12,0
LF:5
LH:1
end_of_record
SF:lib\presentation\bloc\tv_series_state.dart
DA:5,8
DA:7,3
DA:8,3
DA:18,6
DA:20,3
DA:21,6
DA:27,5
DA:29,3
DA:30,6
LF:9
LH:9
end_of_record
SF:lib\presentation\bloc\list_tv_series_bloc.dart
DA:9,3
DA:10,2
DA:11,2
DA:12,3
DA:14,1
DA:15,1
DA:16,3
DA:18,1
DA:19,2
LF:9
LH:9
end_of_record
SF:lib\presentation\bloc\popular_tv_series_bloc.dart
DA:9,6
DA:10,4
DA:11,4
DA:12,6
DA:14,2
DA:15,2
DA:16,6
DA:18,2
DA:19,4
LF:9
LH:9
end_of_record
SF:lib\presentation\bloc\top_rated_tv_series_bloc.dart
DA:9,6
DA:10,4
DA:11,4
DA:12,6
DA:14,2
DA:15,2
DA:16,6
DA:18,2
DA:19,4
LF:9
LH:9
end_of_record
SF:lib\presentation\pages\popular_tv_series_page.dart
DA:11,1
DA:13,1
DA:14,1
DA:18,1
DA:20,1
DA:21,4
DA:24,1
DA:26,1
DA:27,1
DA:30,1
DA:32,1
DA:33,1
DA:34,1
DA:38,1
DA:39,1
DA:40,1
DA:41,1
DA:42,1
DA:43,1
DA:45,1
DA:47,1
DA:48,0
DA:49,1
LF:23
LH:22
end_of_record
SF:lib\presentation\widgets\tv_series_card_list.dart
DA:10,4
DA:12,2
DA:14,2
DA:16,2
DA:17,0
DA:18,0
DA:21,0
DA:24,2
DA:26,2
DA:27,2
DA:28,2
DA:34,2
DA:36,2
DA:37,2
DA:38,4
DA:41,2
DA:44,2
DA:45,4
DA:53,2
DA:58,2
DA:59,2
DA:60,6
DA:62,2
DA:65,0
LF:24
LH:20
end_of_record
SF:lib\presentation\pages\tv_series_detail_page.dart
DA:20,1
DA:22,1
DA:23,1
DA:27,1
DA:29,1
DA:30,2
DA:31,2
DA:32,4
DA:33,2
DA:34,4
DA:38,1
DA:40,1
DA:41,1
DA:42,1
DA:43,2
DA:45,2
DA:47,3
DA:48,2
DA:51,2
DA:53,1
DA:54,1
DA:55,2
DA:61,1
DA:62,3
DA:63,2
DA:64,1
DA:65,2
DA:69,2
DA:70,3
DA:71,1
DA:72,1
DA:73,1
DA:75,1
DA:76,1
DA:79,2
DA:80,1
DA:81,1
DA:96,2
DA:98,1
DA:100,3
DA:101,1
DA:102,1
DA:103,1
DA:104,3
DA:106,1
DA:109,0
DA:111,1
DA:113,1
DA:114,1
DA:115,1
DA:125,1
DA:126,1
DA:127,1
DA:129,1
DA:131,1
DA:133,1
DA:134,1
DA:135,2
DA:136,1
DA:138,1
DA:139,1
DA:140,1
DA:142,1
DA:143,3
DA:146,0
DA:147,0
DA:150,1
DA:152,1
DA:153,1
DA:160,1
DA:161,3
DA:163,1
DA:164,1
DA:165,1
DA:166,3
DA:168,1
DA:174,4
DA:178,1
DA:180,1
DA:182,1
DA:183,2
DA:186,1
DA:188,1
DA:190,1
DA:191,1
DA:192,2
DA:197,2
DA:199,0
DA:200,2
DA:202,1
DA:204,1
DA:206,1
DA:207,2
DA:208,1
DA:210,1
DA:211,0
DA:212,0
DA:215,0
DA:218,1
DA:222,1
DA:223,2
DA:224,1
DA:227,0
DA:233,2
DA:237,0
DA:245,1
DA:247,1
DA:262,1
DA:264,1
DA:267,1
DA:269,0
DA:270,0
DA:279,1
DA:281,2
DA:282,3
DA:285,1
DA:289,3
LF:117
LH:106
end_of_record
SF:lib\presentation\pages\top_rated_tv_series_page.dart
DA:10,1
DA:12,1
DA:13,1
DA:17,1
DA:19,1
DA:20,4
DA:23,1
DA:25,1
DA:26,1
DA:29,1
DA:31,1
DA:32,1
DA:33,1
DA:37,1
DA:38,1
DA:39,1
DA:40,1
DA:41,1
DA:42,1
DA:44,1
DA:46,1
DA:47,0
DA:48,1
LF:23
LH:22
end_of_record
